# JRE version: OpenJDK Runtime Environment (23.0.1+11) (build 23.0.1+11-39)
# Java VM: OpenJDK 64-Bit Server VM (23.0.1+11-39, mixed mode, emulated-client, sharing, tiered, compressed oops, compressed class ptrs, g1 gc, windows-amd64)
GC Precious Log:
 CardTable entry size: 512
 Card Set container configuration: InlinePtr #cards 4 size 8 Array Of Cards #cards 16 size 48 Howl #buckets 8 coarsen threshold 3686 Howl Bitmap #cards 512 size 80 coarsen threshold 460 Card regions per heap region 1 cards per card region 4096
 CPUs: 4 total, 4 available
 Memory: 16047M
 Large Page Support: Disabled
 NUMA Support: Disabled
 Compressed Oops: Enabled (Zero based)
 Heap Region Size: 2M
 Heap Min Capacity: 8M
 Heap Initial Capacity: 252M
 Heap Max Capacity: 4012M
 Pre-touch: Disabled
 Parallel Workers: 4
 Concurrent Workers: 1
 Concurrent Refinement Workers: 4
 Periodic GC: Disabled
Heap:
 garbage-first heap   total reserved 4108288K, committed 81920K, used 36611K [0x0000000705400000, 0x0000000800000000)
  region size 2048K, 12 young (24576K), 4 survivors (8192K)
 Metaspace       used 38407K, committed 38976K, reserved 1114112K
  class space    used 5418K, committed 5696K, reserved 1048576K
GC Heap History (18 events):
Event: 0.726 GC heap before
{Heap before GC invocations=0 (full 0):
 garbage-first heap   total reserved 4108288K, committed 258048K, used 12288K [0x0000000705400000, 0x0000000800000000)
  region size 2048K, 7 young (14336K), 0 survivors (0K)
 Metaspace       used 2352K, committed 2560K, reserved 1114112K
  class space    used 290K, committed 384K, reserved 1048576K
}
Event: 0.731 GC heap after
{Heap after GC invocations=1 (full 0):
 garbage-first heap   total reserved 4108288K, committed 258048K, used 6544K [0x0000000705400000, 0x0000000800000000)
  region size 2048K, 1 young (2048K), 1 survivors (2048K)
 Metaspace       used 2352K, committed 2560K, reserved 1114112K
  class space    used 290K, committed 384K, reserved 1048576K
}
Event: 1.132 GC heap before
{Heap before GC invocations=1 (full 0):
 garbage-first heap   total reserved 4108288K, committed 258048K, used 16784K [0x0000000705400000, 0x0000000800000000)
  region size 2048K, 6 young (12288K), 1 survivors (2048K)
 Metaspace       used 5654K, committed 5824K, reserved 1114112K
  class space    used 681K, committed 768K, reserved 1048576K
}
Event: 1.137 GC heap after
{Heap after GC invocations=2 (full 0):
 garbage-first heap   total reserved 4108288K, committed 258048K, used 7289K [0x0000000705400000, 0x0000000800000000)
  region size 2048K, 1 young (2048K), 1 survivors (2048K)
 Metaspace       used 5654K, committed 5824K, reserved 1114112K
  class space    used 681K, committed 768K, reserved 1048576K
}
Event: 2.174 GC heap before
{Heap before GC invocations=2 (full 0):
 garbage-first heap   total reserved 4108288K, committed 258048K, used 40057K [0x0000000705400000, 0x0000000800000000)
  region size 2048K, 17 young (34816K), 1 survivors (2048K)
 Metaspace       used 12777K, committed 13184K, reserved 1114112K
  class space    used 1756K, committed 1920K, reserved 1048576K
}
Event: 2.181 GC heap after
{Heap after GC invocations=3 (full 0):
 garbage-first heap   total reserved 4108288K, committed 258048K, used 10219K [0x0000000705400000, 0x0000000800000000)
  region size 2048K, 2 young (4096K), 2 survivors (4096K)
 Metaspace       used 12777K, committed 13184K, reserved 1114112K
  class space    used 1756K, committed 1920K, reserved 1048576K
}
Event: 2.782 GC heap before
{Heap before GC invocations=3 (full 0):
 garbage-first heap   total reserved 4108288K, committed 258048K, used 45035K [0x0000000705400000, 0x0000000800000000)
  region size 2048K, 20 young (40960K), 2 survivors (4096K)
 Metaspace       used 20281K, committed 20672K, reserved 1114112K
  class space    used 2710K, committed 2880K, reserved 1048576K
}
Event: 2.791 GC heap after
{Heap after GC invocations=4 (full 0):
 garbage-first heap   total reserved 4108288K, committed 258048K, used 12597K [0x0000000705400000, 0x0000000800000000)
  region size 2048K, 3 young (6144K), 3 survivors (6144K)
 Metaspace       used 20281K, committed 20672K, reserved 1114112K
  class space    used 2710K, committed 2880K, reserved 1048576K
}
Event: 2.956 GC heap before
{Heap before GC invocations=4 (full 0):
 garbage-first heap   total reserved 4108288K, committed 258048K, used 18741K [0x0000000705400000, 0x0000000800000000)
  region size 2048K, 7 young (14336K), 3 survivors (6144K)
 Metaspace       used 21200K, committed 21504K, reserved 1114112K
  class space    used 2829K, committed 2944K, reserved 1048576K
}
Event: 2.964 GC heap after
{Heap after GC invocations=5 (full 0):
 garbage-first heap   total reserved 4108288K, committed 258048K, used 13581K [0x0000000705400000, 0x0000000800000000)
  region size 2048K, 2 young (4096K), 2 survivors (4096K)
 Metaspace       used 21200K, committed 21504K, reserved 1114112K
  class space    used 2829K, committed 2944K, reserved 1048576K
}
Event: 3.593 GC heap before
{Heap before GC invocations=6 (full 0):
 garbage-first heap   total reserved 4108288K, committed 49152K, used 38157K [0x0000000705400000, 0x0000000800000000)
  region size 2048K, 14 young (28672K), 2 survivors (4096K)
 Metaspace       used 23123K, committed 23552K, reserved 1114112K
  class space    used 3099K, committed 3264K, reserved 1048576K
}
Event: 3.602 GC heap after
{Heap after GC invocations=7 (full 0):
 garbage-first heap   total reserved 4108288K, committed 49152K, used 16028K [0x0000000705400000, 0x0000000800000000)
  region size 2048K, 2 young (4096K), 2 survivors (4096K)
 Metaspace       used 23123K, committed 23552K, reserved 1114112K
  class space    used 3099K, committed 3264K, reserved 1048576K
}
Event: 4.140 GC heap before
{Heap before GC invocations=7 (full 0):
 garbage-first heap   total reserved 4108288K, committed 49152K, used 36508K [0x0000000705400000, 0x0000000800000000)
  region size 2048K, 12 young (24576K), 2 survivors (4096K)
 Metaspace       used 25304K, committed 25664K, reserved 1114112K
  class space    used 3388K, committed 3520K, reserved 1048576K
}
Event: 4.149 GC heap after
{Heap after GC invocations=8 (full 0):
 garbage-first heap   total reserved 4108288K, committed 49152K, used 17284K [0x0000000705400000, 0x0000000800000000)
  region size 2048K, 1 young (2048K), 1 survivors (2048K)
 Metaspace       used 25304K, committed 25664K, reserved 1114112K
  class space    used 3388K, committed 3520K, reserved 1048576K
}
Event: 4.821 GC heap before
{Heap before GC invocations=8 (full 0):
 garbage-first heap   total reserved 4108288K, committed 49152K, used 37764K [0x0000000705400000, 0x0000000800000000)
  region size 2048K, 11 young (22528K), 1 survivors (2048K)
 Metaspace       used 27753K, committed 28160K, reserved 1114112K
  class space    used 3774K, committed 3968K, reserved 1048576K
}
Event: 4.828 GC heap after
{Heap after GC invocations=9 (full 0):
 garbage-first heap   total reserved 4108288K, committed 153600K, used 18452K [0x0000000705400000, 0x0000000800000000)
  region size 2048K, 2 young (4096K), 2 survivors (4096K)
 Metaspace       used 27753K, committed 28160K, reserved 1114112K
  class space    used 3774K, committed 3968K, reserved 1048576K
}
Event: 6.113 GC heap before
{Heap before GC invocations=9 (full 0):
 garbage-first heap   total reserved 4108288K, committed 153600K, used 71700K [0x0000000705400000, 0x0000000800000000)
  region size 2048K, 29 young (59392K), 2 survivors (4096K)
 Metaspace       used 35398K, committed 35968K, reserved 1114112K
  class space    used 4899K, committed 5184K, reserved 1048576K
}
Event: 6.124 GC heap after
{Heap after GC invocations=10 (full 0):
 garbage-first heap   total reserved 4108288K, committed 153600K, used 22275K [0x0000000705400000, 0x0000000800000000)
  region size 2048K, 4 young (8192K), 4 survivors (8192K)
 Metaspace       used 35398K, committed 35968K, reserved 1114112K
  class space    used 4899K, committed 5184K, reserved 1048576K
}

